Output redirected to a file.
Input read from specified override file.
Cannot find host SERVERNOTFOUND.
Enter an FTP subcommand.
> CLOSE
You must first open a connection.
Enter an FTP subcommand.
> CLOSE
You must first open a connection.
Enter an FTP subcommand.
> NAMEFMT 1
Client NAMEFMT is 1.
Enter an FTP subcommand.
> LCD  '/kube pak/Avail_Out/'
Local working directory is /kube pak/Avail_Out
Enter an FTP subcommand.
> OPEN edi.ballhort.com
Connecting to host edi.ballhort.com at address 207.78.116.75 using port 21.
220 Microsoft FTP Service
Enter an FTP subcommand.
> USER A103585 *******
331 Password required
230 User logged in.
Windows_NT
Enter an FTP subcommand.
> CD toBall/inventory
250 CWD command successful.
Enter an FTP subcommand.
> SENDEPSV 0
SENDEPSV is off.
Enter an FTP subcommand.
> MPUT AV_001533*
227 Entering Passive Mode (207,78,116,75,238,234).
125 Data connection already open; Transfer starting.
226 Transfer complete.
    89 bytes transferred in 0.000 seconds. Transfer rate 0.000 KB/sec.
Enter an FTP subcommand.
> SYSCMD CHGCURDIR DIR('\kube pak\Avail_Out\')
Enter an FTP subcommand.
> SYSCMD MOV OBJ(AV_001533*) TODIR('\kube pak\Avail_Out\Sent\001533')
Enter an FTP subcommand.
> CLOSE
221 Goodbye.
Enter an FTP subcommand.
> QUIT
