Output redirected to a file.
Input read from specified override file.
Cannot find host SERVERNOTFOUND.
Enter an FTP subcommand.
> CLOSE
You must first open a connection.
Enter an FTP subcommand.
> CLOSE
You must first open a connection.
Enter an FTP subcommand.
> OPEN 10.151.151.2
Connecting to remote host 10.151.151.2 using port 21.
220 10.151.151.2 FTP server ready
Enter an FTP subcommand.
> USER admin ********
331 Password required for admin
230 User admin logged in
UNIX Type: L8
Enter an FTP subcommand.
> CD array1/KubeBak/UserBackups
250 CWD command successful
Enter an FTP subcommand.
> SYSCMD CHGCURLIB MEMEO
Enter an FTP subcommand.
> LIST *.lbt -R (DISK
Number of arguments not valid for subcommand LIST.
Enter an FTP subcommand.
> CLOSE
221 Goodbye.
Enter an FTP subcommand.
> QUIT
