Output redirected to a file.
Input read from specified override file.
Cannot find host SERVERNOTFOUND.
Enter an FTP subcommand.
> CLOSE
You must first open a connection.
Enter an FTP subcommand.
> OPEN 10.151.151.1
Connecting to remote host 10.151.151.1 using port 21.
220-QTCP at S060DE66.
220 Connection will close if idle more than 5 minutes.
Enter an FTP subcommand.
> USER FTPUSER *******
331 Enter password.
230 FTPUSER logged on.
 OS/400 is the remote operating system. The TCP/IP version is "V7R2M0".
250  Now using naming format "0".
257 "QGPL" is current library.
Enter an FTP subcommand.
> NAMEFMT 1
250  Now using naming format "1".
Server NAMEFMT is 1.
Client NAMEFMT is 1.
Enter an FTP subcommand.
> CD  /QDLS/FTP/VF000477/SEND
250 "/QDLS/FTP/VF000477/SEND" is current directory.
Enter an FTP subcommand.
> SYSCMD CHGCURLIB TGMSDATA
Local working directory is TGMSDATA
Enter an FTP subcommand.
> LS (DISK
229 Entering Extended Passive Mode (|||52225|).
125  No files found in directory /QDLS/FTP/VF000477/SEND
250 List completed.
Enter an FTP subcommand.
> CLOSE
221 QUIT subcommand received.
Enter an FTP subcommand.
> QUIT
