Output redirected to a file.
Input read from specified override file.
Cannot find host SERVERNOTFOUND.
Enter an FTP subcommand.
> CLOSE
You must first open a connection.
Enter an FTP subcommand.
> CLOSE
You must first open a connection.
Enter an FTP subcommand.
> NAMEFMT 1
Client NAMEFMT is 1.
Enter an FTP subcommand.
> SENDEPSV 0
SENDEPSV is off.
Enter an FTP subcommand.
> LCD  /QDLS/FTP/VF000477/SEND
Local working directory is /QDLS/FTP/VF000477/SEND
Enter an FTP subcommand.
> OPEN mastertag.sharefileftp.com
Connecting to host ftp-ec2.sharefileftp.com at address 54.174.90.77 using port
 21.
220 ftp-ec2.sharefileftp.com FTP Server Ready
Enter an FTP subcommand.
> USER mastertag/wbehr@kubepak.com ***************
331 Hello mastertag/wbehr@kubepak.com, please enter your password.
230-Connection established from ool-6038dddc.static.optonline.net
 [96.56.221.220].
230-You are connected as William Behr (wbehr@kubepak.com).
230 Welcome to the MasterTag FTP site.
UNIX Type: L8
Enter an FTP subcommand.
> CD   Dropship/Kube Pak/
250 "/Dropship/Kube Pak" is the current directory.
Enter an FTP subcommand.
> CLOSE
221-Sent: 370 bytes   Rcvd: 92 bytes   Billable: 1 operations   Time: 0s
221 ftp-ec2.sharefileftp.com session ended.
Enter an FTP subcommand.
> QUIT
