Output redirected to a file.
Input read from specified override file.
Connecting to remote host 10.151.151.1 using port 21.
220-QTCP at KUBE400.KUBE400.COM.
220 Connection will close if idle more than 5 minutes.
Enter login ID (billb):
331 Enter password.
 OS/400 is the remote operating system. The TCP/IP version is "V5R2M0".
250  Now using naming format "0".
Enter an FTP subcommand.
> CLOSE
221 QUIT subcommand received.
Enter an FTP subcommand.
> NAMEFMT 1
Client NAMEFMT is 1.
Enter an FTP subcommand.
> OPEN ftp.mastertag.com
Connecting to host ftp.mastertag.com at address 64.141.134.86 using port 21.
220 phoenix Microsoft FTP Service (Version 4.0).
Enter an FTP subcommand.
> USER testftp ********
331 Password required for testftp.
230-*********************************
230-Welcome to Mastertag's FTP Site
230-*********************************
230-
230-     authorized users only
230-
230-*********************************
230 User testftp logged in.
Windows_NT version 4.0
Enter an FTP subcommand.
> CD   TestDropShip
250 CWD command successful.
Enter an FTP subcommand.
> LCD  /QDLS/QDLSKUBE
Local working directory is /QDLS/QDLSKUBE
Enter an FTP subcommand.
> put  05020501.DAT
227 Entering Passive Mode (64,141,134,86,7,205)
125 Data connection already open; Transfer starting.
226 Transfer complete.
 13200 bytes transferred in 0.290 seconds. Transfer rate 45.511 KB/sec.
Enter an FTP subcommand.
> CLOSE
221
Enter an FTP subcommand.
> QUIT
