Output redirected to a file.
Input read from specified override file.
Cannot find host SERVERNOTFOUND.
Enter an FTP subcommand.
> CLOSE
You must first open a connection.
Enter an FTP subcommand.
> CLOSE
You must first open a connection.
Enter an FTP subcommand.
> NAMEFMT 1
Client NAMEFMT is 1.
Enter an FTP subcommand.
> LCD  '/kube pak/CSV_Out/Ship_Notice/'
Local working directory is /kube pak/CSV_Out/Ship_Notice
Enter an FTP subcommand.
> OPEN availability.ehrnet.com
Connecting to host availability.ehrnet.com at address 209.97.243.67 using port
 21.
220 Hello, all activity on webdrive.ehrnet.com is logged
Enter an FTP subcommand.
> USER KubePak ********
331 Password required for kubepak
230 Logged on
UNIX emulated by FileZilla
Enter an FTP subcommand.
> CD Tracking
250 CWD successful. "/Tracking" is current directory.
Enter an FTP subcommand.
> SENDEPSV 0
SENDEPSV is off.
Enter an FTP subcommand.
> MPUT SHIP_NOTICE.03953*
227 Entering Passive Mode (209,97,243,67,212,25)
150 Opening data channel for file upload to server of
 "/Tracking/SHIP_NOTICE.03953_20190921_195100.csv"
226 Successfully transferred "/Tracking/SHIP_NOTICE.03953_20190921_195100.csv"
    36 bytes transferred in 0.001 seconds. Transfer rate 36.864 KB/sec.
227 Entering Passive Mode (209,97,243,67,210,31)
150 Opening data channel for file upload to server of
 "/Tracking/SHIP_NOTICE.03953_20190924_195100.csv"
226 Successfully transferred "/Tracking/SHIP_NOTICE.03953_20190924_195100.csv"
    36 bytes transferred in 0.001 seconds. Transfer rate 36.864 KB/sec.
227 Entering Passive Mode (209,97,243,67,242,213)
150 Opening data channel for file upload to server of
 "/Tracking/SHIP_NOTICE.03953_20190922_195100.csv"
226 Successfully transferred "/Tracking/SHIP_NOTICE.03953_20190922_195100.csv"
    36 bytes transferred in 0.001 seconds. Transfer rate 36.864 KB/sec.
227 Entering Passive Mode (209,97,243,67,255,153)
150 Opening data channel for file upload to server of
 "/Tracking/SHIP_NOTICE.03953_20190920_195100.csv"
226 Successfully transferred "/Tracking/SHIP_NOTICE.03953_20190920_195100.csv"
    36 bytes transferred in 0.001 seconds. Transfer rate 36.864 KB/sec.
227 Entering Passive Mode (209,97,243,67,227,74)
150 Opening data channel for file upload to server of
 "/Tracking/SHIP_NOTICE.03953_20190923_195100.csv"
226 Successfully transferred "/Tracking/SHIP_NOTICE.03953_20190923_195100.csv"
    36 bytes transferred in 0.001 seconds. Transfer rate 36.864 KB/sec.
227 Entering Passive Mode (209,97,243,67,233,239)
150 Opening data channel for file upload to server of
 "/Tracking/SHIP_NOTICE.03953_20190925_195100.csv"
226 Successfully transferred "/Tracking/SHIP_NOTICE.03953_20190925_195100.csv"
    36 bytes transferred in 0.001 seconds. Transfer rate 36.864 KB/sec.
227 Entering Passive Mode (209,97,243,67,218,226)
150 Opening data channel for file upload to server of
 "/Tracking/SHIP_NOTICE.03953_20190926_195100.csv"
226 Successfully transferred "/Tracking/SHIP_NOTICE.03953_20190926_195100.csv"
    36 bytes transferred in 0.000 seconds. Transfer rate 0.000 KB/sec.
227 Entering Passive Mode (209,97,243,67,216,30)
150 Opening data channel for file upload to server of
 "/Tracking/SHIP_NOTICE.03953_20190927_195100.csv"
226 Successfully transferred "/Tracking/SHIP_NOTICE.03953_20190927_195100.csv"
    36 bytes transferred in 0.000 seconds. Transfer rate 0.000 KB/sec.
227 Entering Passive Mode (209,97,243,67,237,144)
150 Opening data channel for file upload to server of
 "/Tracking/SHIP_NOTICE.03953_20190928_195100.csv"
226 Successfully transferred "/Tracking/SHIP_NOTICE.03953_20190928_195100.csv"
    36 bytes transferred in 0.000 seconds. Transfer rate 0.000 KB/sec.
227 Entering Passive Mode (209,97,243,67,215,11)
150 Opening data channel for file upload to server of
 "/Tracking/SHIP_NOTICE.03953_20190929_195100.csv"
226 Successfully transferred "/Tracking/SHIP_NOTICE.03953_20190929_195100.csv"
    36 bytes transferred in 0.001 seconds. Transfer rate 36.864 KB/sec.
227 Entering Passive Mode (209,97,243,67,237,69)
150 Opening data channel for file upload to server of
 "/Tracking/SHIP_NOTICE.03953_20190930_195100.csv"
226 Successfully transferred "/Tracking/SHIP_NOTICE.03953_20190930_195100.csv"
    36 bytes transferred in 0.001 seconds. Transfer rate 36.864 KB/sec.
227 Entering Passive Mode (209,97,243,67,217,82)
150 Opening data channel for file upload to server of
 "/Tracking/SHIP_NOTICE.03953_20191001_195100.csv"
226 Successfully transferred "/Tracking/SHIP_NOTICE.03953_20191001_195100.csv"
    36 bytes transferred in 0.001 seconds. Transfer rate 36.864 KB/sec.
227 Entering Passive Mode (209,97,243,67,251,135)
150 Opening data channel for file upload to server of
 "/Tracking/SHIP_NOTICE.03953_20191007_195100.csv"
226 Successfully transferred "/Tracking/SHIP_NOTICE.03953_20191007_195100.csv"
    70 bytes transferred in 0.000 seconds. Transfer rate 0.000 KB/sec.
Enter an FTP subcommand.
> CLOSE
221 Goodbye
Enter an FTP subcommand.
> QUIT
