Output redirected to a file.
Input read from specified override file.
Cannot find host SERVERNOTFOUND.
Enter an FTP subcommand.
> CLOSE
You must first open a connection.
Enter an FTP subcommand.
> CLOSE
You must first open a connection.
Enter an FTP subcommand.
> CLOSE
You must first open a connection.
Enter an FTP subcommand.
> NAMEFMT 1
Client NAMEFMT is 1.
Enter an FTP subcommand.
> LCD  '/www/zendphp7/htdocs/PICTURES/'
Local working directory is /www/zendphp7/htdocs/PICTURES
Enter an FTP subcommand.
> OPEN ftp.kubepak.net
Connecting to host ftp.kubepak.net at address 64.29.151.221 using port 21.
220 Website FTP Server Ready
Enter an FTP subcommand.
> USER kubepak.net   ************
331 Password required for kubepak.net
230 User kubepak.net logged in
UNIX Type: L8
Enter an FTP subcommand.
> CD   /public/images/KP_Items
250 CWD command successful
Enter an FTP subcommand.
> PUT  11268.jpg
No such path or directory: /www/zendphp7/htdocs/PICTURES/11268.jpg
Enter an FTP subcommand.
> CLOSE
221 Goodbye.
Enter an FTP subcommand.
> QUIT
