Output redirected to a file.
Input read from specified override file.
Cannot find host FTP.KUBEPAK.COM.
Enter an FTP subcommand.
> CLOSE
You must first open a connection.
Enter an FTP subcommand.
> CLOSE
You must first open a connection.
Enter an FTP subcommand.
> CLOSE
You must first open a connection.
Enter an FTP subcommand.
> NAMEFMT 1
Client NAMEFMT is 1.
Enter an FTP subcommand.
> LCD  /QDLS/FTP/WEBSITE
Local working directory is /QDLS/FTP/WEBSITE
Enter an FTP subcommand.
> OPEN ftp.kubepak.com
Cannot find host ftp.kubepak.com.
Enter an FTP subcommand.
> USER kubepak.com   ******
You must first open a connection.
Enter an FTP subcommand.
> CD   /public/KubePakFTP
You must first open a connection.
Enter an FTP subcommand.
> PUT  CLOSED.CSV Plug_Availability.csv
You must first open a connection.
Enter an FTP subcommand.
> CD   /public
You must first open a connection.
Enter an FTP subcommand.
> GET  daily_closed.htm DAILY_CL.htm (REPLACE
You must first open a connection.
Enter an FTP subcommand.
> REN  daily_closed.htm daily.htm
You must first open a connection.
Enter an FTP subcommand.
> SYSCmd CALL WEB010CLCK
Enter an FTP subcommand.
> PUT  DAILY_CL.htm daily_closed.htm
You must first open a connection.
Enter an FTP subcommand.
> GET  RBCLOSED.HTM RBCLOSED.HTM (REPLACE
You must first open a connection.
Enter an FTP subcommand.
> PUT  RBCLOSED.HTM 50d.htm
You must first open a connection.
Enter an FTP subcommand.
> PUT  RBCLOSED.HTM 51d.htm
You must first open a connection.
Enter an FTP subcommand.
> PUT  RBCLOSED.HTM 102d.htm
You must first open a connection.
Enter an FTP subcommand.
> PUT  RBCLOSED.HTM 105d.htm
You must first open a connection.
Enter an FTP subcommand.
> PUT  RBCLOSED.HTM 162d.htm
You must first open a connection.
Enter an FTP subcommand.
> PUT  RBCLOSED.HTM 288d.htm
You must first open a connection.
Enter an FTP subcommand.
> PUT  RBCLOSED.HTM 512d.htm
You must first open a connection.
Enter an FTP subcommand.
> PUT  RBCLOSED.HTM ALLd.htm
You must first open a connection.
Enter an FTP subcommand.
> CLOSE
You must first open a connection.
Enter an FTP subcommand.
> CLOSE
You must first open a connection.
Enter an FTP subcommand.
> CLOSE
You must first open a connection.
Enter an FTP subcommand.
> NAMEFMT 1
Client NAMEFMT is 1.
Enter an FTP subcommand.
> LCD  /QDLS/FTP/WEBSITE
Local working directory is /QDLS/FTP/WEBSITE
Enter an FTP subcommand.
> OPEN ftp.kubepak.com
Cannot find host ftp.kubepak.com.
Enter an FTP subcommand.
> USER kubepak.net   ************
You must first open a connection.
Enter an FTP subcommand.
> CD   /public/KubePakFTP
You must first open a connection.
Enter an FTP subcommand.
> PUT  CLOSED.CSV Plug_Availability.csv
You must first open a connection.
Enter an FTP subcommand.
> CD   /public
You must first open a connection.
Enter an FTP subcommand.
> GET  daily_closed.htm DAILY_CL.htm (REPLACE
You must first open a connection.
Enter an FTP subcommand.
> REN  daily_closed.htm daily.htm
You must first open a connection.
Enter an FTP subcommand.
> SYSCmd CALL WEB010CLCK
Enter an FTP subcommand.
> PUT  DAILY_CL.htm daily_closed.htm
You must first open a connection.
Enter an FTP subcommand.
> GET  RBCLOSED.HTM RBCLOSED.HTM (REPLACE
You must first open a connection.
Enter an FTP subcommand.
> PUT  RBCLOSED.HTM 50d.htm
You must first open a connection.
Enter an FTP subcommand.
> PUT  RBCLOSED.HTM 51d.htm
You must first open a connection.
Enter an FTP subcommand.
> PUT  RBCLOSED.HTM 102d.htm
You must first open a connection.
Enter an FTP subcommand.
> PUT  RBCLOSED.HTM 105d.htm
You must first open a connection.
Enter an FTP subcommand.
> PUT  RBCLOSED.HTM 162d.htm
You must first open a connection.
Enter an FTP subcommand.
> PUT  RBCLOSED.HTM 288d.htm
You must first open a connection.
Enter an FTP subcommand.
> PUT  RBCLOSED.HTM 512d.htm
You must first open a connection.
Enter an FTP subcommand.
> PUT  RBCLOSED.HTM ALLd.htm
You must first open a connection.
Enter an FTP subcommand.
> CLOSE
You must first open a connection.
Enter an FTP subcommand.
> QUIT
