Output redirected to a file.
Input read from specified override file.
Cannot find host FTP.KUBEPAK.COM.
Enter an FTP subcommand.
> CLOSE
You must first open a connection.
Enter an FTP subcommand.
> CLOSE
You must first open a connection.
Enter an FTP subcommand.
> CLOSE
You must first open a connection.
Enter an FTP subcommand.
> NAMEFMT 1
Client NAMEFMT is 1.
Enter an FTP subcommand.
> LCD  /QDLS/FTP/WEBSITE
Local working directory is /QDLS/FTP/WEBSITE
Enter an FTP subcommand.
> OPEN ftp.kubepak.com
Cannot find host ftp.kubepak.com.
Enter an FTP subcommand.
> USER kubepak.com   ******
You must first open a connection.
Enter an FTP subcommand.
> CD   /public/KubePakFTP
You must first open a connection.
Enter an FTP subcommand.
> PUT  FUTURE.CSV Future_Availability.csv
You must first open a connection.
Enter an FTP subcommand.
> CD   /public
You must first open a connection.
Enter an FTP subcommand.
> PUT  FUTURE.CSV Future_Availability.csv
You must first open a connection.
Enter an FTP subcommand.
> PUT  FUTUREHD.htm FutureHeader.htm
You must first open a connection.
Enter an FTP subcommand.
> PUT  FUTURE.htm
You must first open a connection.
Enter an FTP subcommand.
> PUT  FUTUREP.htm
You must first open a connection.
Enter an FTP subcommand.
> CLOSE
You must first open a connection.
Enter an FTP subcommand.
> CLOSE
You must first open a connection.
Enter an FTP subcommand.
> CLOSE
You must first open a connection.
Enter an FTP subcommand.
> NAMEFMT 1
Client NAMEFMT is 1.
Enter an FTP subcommand.
> LCD  /QDLS/FTP/WEBSITE
Local working directory is /QDLS/FTP/WEBSITE
Enter an FTP subcommand.
> OPEN ftp.kubepak.com
Cannot find host ftp.kubepak.com.
Enter an FTP subcommand.
> USER kubepak.net   ************
You must first open a connection.
Enter an FTP subcommand.
> CD   /public/KubePakFTP
You must first open a connection.
Enter an FTP subcommand.
> PUT  FUTURE.CSV Future_Availability.csv
You must first open a connection.
Enter an FTP subcommand.
> CD   /public
You must first open a connection.
Enter an FTP subcommand.
> PUT  FUTURE.CSV Future_Availability.csv
You must first open a connection.
Enter an FTP subcommand.
> PUT  FUTUREHD.htm FutureHeader.htm
You must first open a connection.
Enter an FTP subcommand.
> PUT  FUTURE.htm
You must first open a connection.
Enter an FTP subcommand.
> PUT  FUTUREP.htm
You must first open a connection.
Enter an FTP subcommand.
> CLOSE
You must first open a connection.
Enter an FTP subcommand.
> OPEN availability.ehrnet.com
Connecting to host availability.ehrnet.com at address 209.97.243.67 using port
 21.
220 Hello, all activity on webdrive.ehrnet.com is logged
Enter an FTP subcommand.
> USER KubePak ********
331 Password required for kubepak
230 Logged on
UNIX emulated by FileZilla
Enter an FTP subcommand.
> SENDEPSV
SENDEPSV is off.
Enter an FTP subcommand.
> CD   /Temp
250 CWD successful. "/Temp" is current directory.
Enter an FTP subcommand.
> PUT  FUTURE.CSV KubePak_Future_Plug_Availability.csv
227 Entering Passive Mode (209,97,243,67,234,100)
150 Opening data channel for file upload to server of
 "/Temp/KubePak_Future_Plug_Availability.csv"
226 Successfully transferred "/Temp/KubePak_Future_Plug_Availability.csv"
  1470 bytes transferred in 0.001 seconds. Transfer rate 1505.280 KB/sec.
Enter an FTP subcommand.
> CLOSE
221 Goodbye
Enter an FTP subcommand.
> QUIT
