Output redirected to a file.
Input read from specified override file.
Connecting to host FTP.KUBEPAK.COM at address 64.29.151.221 using port 21.
220 Website FTP Server Ready
Enter login ID (night):
331 Password required for CLOSE.
UNIX Type: L8
Enter an FTP subcommand.
> CLOSE
221 Goodbye.
Enter an FTP subcommand.
> CLOSE
You must first open a connection.
Enter an FTP subcommand.
> NAMEFMT 1
Client NAMEFMT is 1.
Enter an FTP subcommand.
> LCD  /QDLS/FTP/WEBSITE
Local working directory is /QDLS/FTP/WEBSITE
Enter an FTP subcommand.
> OPEN ftp.kubepak.com
Connecting to host ftp.kubepak.com at address 64.29.151.221 using port 21.
220 Website FTP Server Ready
Enter an FTP subcommand.
> USER kubepak.com   ******
331 Password required for kubepak.com.
230 User kubepak.com logged in.
UNIX Type: L8
Enter an FTP subcommand.
> CD   /public/KubePakFTP
250 CWD command successful.
Enter an FTP subcommand.
> PUT  FNSH_AV.CSV Finished_Availability.csv
229 Entering Extended Passive Mode (|||61563|)
150 Opening ASCII mode data connection for Finished_Availability.csv
226 Transfer complete.
 29728 bytes transferred in 0.007 seconds. Transfer rate 4348.782 KB/sec.
Enter an FTP subcommand.
> CD   /public
250 CWD command successful.
Enter an FTP subcommand.
> PUT  FINISHED.htm
229 Entering Extended Passive Mode (|||36559|)
150 Opening ASCII mode data connection for FINISHED.htm
226 Transfer complete.
115068 bytes transferred in 0.001 seconds. Transfer rate 117829.633 KB/sec.
Enter an FTP subcommand.
> CLOSE
221 Goodbye.
Enter an FTP subcommand.
> QUIT
