Output redirected to a file.
Input read from specified override file.
Cannot find host SERVERNOTFOUND.
Enter an FTP subcommand.
> CLOSE
You must first open a connection.
Enter an FTP subcommand.
> CLOSE
You must first open a connection.
Enter an FTP subcommand.
> NAMEFMT 1
Client NAMEFMT is 1.
Enter an FTP subcommand.
> LCD  '/WEBSERVICES/ORDERACK/PROD/SEND/EHR/'
Local working directory is /WEBSERVICES/ORDERACK/PROD/SEND/EHR
Enter an FTP subcommand.
> OPEN availability.ehrnet.com
Connecting to host availability.ehrnet.com at address 209.97.243.67 using port
 21.
220 Hello, all activity on webdrive.ehrnet.com is logged
Enter an FTP subcommand.
> USER KubePak ********
331 Password required for kubepak
230 Logged on
UNIX emulated by FileZilla
Enter an FTP subcommand.
> CD /B2BImport/
250 CWD successful. "/B2BImport" is current directory.
Enter an FTP subcommand.
> MPUT *.xml
229 Entering Extended Passive Mode (|||52605|)
150 Opening data channel for file upload to server of
 "/B2BImport/PO-3625460_ORD#-302921_2019-10-09-12_25_35_202000.xml"
226 Successfully transferred
 "/B2BImport/PO-3625460_ORD#-302921_2019-10-09-12_25_35_202000.xml"
  2625 bytes transferred in 0.001 seconds. Transfer rate 2688.000 KB/sec.
Enter an FTP subcommand.
> CLOSE
221 Goodbye
Enter an FTP subcommand.
> QUIT
