Output redirected to a file.
Input read from specified override file.
Cannot find host SERVERNOTFOUND.
Enter an FTP subcommand.
> CLOSE
You must first open a connection.
Enter an FTP subcommand.
> CLOSE
You must first open a connection.
Enter an FTP subcommand.
> NAMEFMT 1
Client NAMEFMT is 1.
Enter an FTP subcommand.
> LCD  '/WEBSERVICES/INVENTORY/QUAL/SEND/EHR'
Local working directory is /WEBSERVICES/INVENTORY/QUAL/SEND/EHR
Enter an FTP subcommand.
> OPEN availability.ehrnet.com
Connecting to host availability.ehrnet.com at address 209.97.243.67 using port 2
220 Hello, all activity on webdrive.ehrnet.com is logged
Enter an FTP subcommand.
> USER KubePak ********
331 Password required for kubepak
230 Logged on
UNIX emulated by FileZilla
Enter an FTP subcommand.
> CD /B2BImport/
250 CWD successful. "/B2BImport" is current directory.
Enter an FTP subcommand.
> MPUT INV*.xml
229 Entering Extended Passive Mode (|||61759|)
150 Opening data channel for file upload to server of
 "/B2BImport/INV-Eason_2019-02-07-06.36.46.113000.xml"
226 Successfully transferred "/B2BImport/INV-Eason_2019-02-07-06.36.46.113000.xm
2641582 bytes transferred in 3.097 seconds. Transfer rate 853.037 KB/sec.
229 Entering Extended Passive Mode (|||54689|)
150 Opening data channel for file upload to server of
 "/B2BImport/INV-Eason_2019-02-08-00.51.04.067000.xml"
226 Successfully transferred "/B2BImport/INV-Eason_2019-02-08-00.51.04.067000.xm
187529 bytes transferred in 0.005 seconds. Transfer rate 38405.938 KB/sec.
Enter an FTP subcommand.
> CLOSE
221 Goodbye
Enter an FTP subcommand.
> QUIT
