Output redirected to a file.
Input read from specified override file.
Cannot find host SERVERNOTFOUND.
Enter an FTP subcommand.
> CLOSE
You must first open a connection.
Enter an FTP subcommand.
> CLOSE
You must first open a connection.
Enter an FTP subcommand.
> NAMEFMT 1
Client NAMEFMT is 1.
Enter an FTP subcommand.
> LCD  '/WebServices/URCORDER/PROD/SEND/EHR/'
Local working directory is /WebServices/URCORDER/PROD/SEND/EHR
Enter an FTP subcommand.
> OPEN availability.ehrnet.com
Connecting to host availability.ehrnet.com at address 209.97.243.67 using port
 21.
220 Hello, all activity on webdrive.ehrnet.com is logged
Enter an FTP subcommand.
> USER KubePak ********
331 Password required for kubepak
230 Logged on
UNIX emulated by FileZilla
Enter an FTP subcommand.
> CD /Customer/PO/
250 CWD successful. "/Customer/PO" is current directory.
Enter an FTP subcommand.
> MPUT *.xml
229 Entering Extended Passive Mode (|||56170|)
150 Opening data channel for file upload to server of
 "/Customer/PO/URC-928_ORD#-200420_2019-09-30-15.26.31.984000.xml"
226 Successfully transferred
 "/Customer/PO/URC-928_ORD#-200420_2019-09-30-15.26.31.984000.xml"
  2411 bytes transferred in 0.001 seconds. Transfer rate 2468.864 KB/sec.
Enter an FTP subcommand.
> SYSCMD CHGCURDIR DIR('\WebServices\URCORDER\PROD\SEND\EHR\')
Enter an FTP subcommand.
> SYSCMD MOV OBJ('URC-928*.xml') TODIR('\WebServices\URCORDER\PROD\SENT\EHR\')
Enter an FTP subcommand.
> CLOSE
221 Goodbye
Enter an FTP subcommand.
> QUIT
