Output redirected to a file.
Input read from specified override file.
Cannot find host SERVERNOTFOUND.
Enter an FTP subcommand.
> CLOSE
You must first open a connection.
Enter an FTP subcommand.
> CLOSE
You must first open a connection.
Enter an FTP subcommand.
> NAMEFMT 1
Client NAMEFMT is 1.
Enter an FTP subcommand.
> LCD  '/MCHVNORDERS/TEST'
Local working directory is /MCHVNORDERS/TEST
Enter an FTP subcommand.
> OPEN ftp1.mchutchison.com
Connecting to host ftp1.mchutchison.com at address 65.51.151.169 using port 21.
220 FileZilla Server version 0.9.41 beta written by Tim Kosse
 (Tim.Kosse@gmx.de) Please visit http://sourceforge.
Enter an FTP subcommand.
> USER KubePak_EDI  **********
331 Password required for kubepak_edi
230 Logged on
UNIX emulated by FileZilla
Enter an FTP subcommand.
> CD /Outbox/
250 CWD successful. "/Outbox" is current directory.
Enter an FTP subcommand.
> MGET *.xml
229 Entering Extended Passive Mode (|||2026|)
150 Connection accepted
226 Transfer OK
Path already exists: /MCHVNORDERS/TEST/MCHUTCHISON-850-EXP11092.xml
Specify REPLACE as a subcommand option.
Enter an FTP subcommand.
> CLOSE
221 Goodbye
Enter an FTP subcommand.
> QUIT
