Output redirected to a file.
Input read from specified override file.
Cannot find host SERVERNOTFOUND.
Enter an FTP subcommand.
> CLOSE
You must first open a connection.
Enter an FTP subcommand.
> CLOSE
You must first open a connection.
Enter an FTP subcommand.
> NAMEFMT 1
Client NAMEFMT is 1.
Enter an FTP subcommand.
> LCD  '/WEBSERVICES/EHRORDERS/PROD/'
Local working directory is /WEBSERVICES/EHRORDERS/PROD
Enter an FTP subcommand.
> OPEN availability.ehrnet.com
Connecting to host availability.ehrnet.com at address 209.97.243.67 using port
 21.
220 Hello, all activity on webdrive.ehrnet.com is logged
Enter an FTP subcommand.
> USER KubePak ********
331 Password required for kubepak
230 Logged on
UNIX emulated by FileZilla
Enter an FTP subcommand.
> CD /B2BExport/
250 CWD successful. "/B2BExport" is current directory.
Enter an FTP subcommand.
> MGET *.xml  (REPLACE
229 Entering Extended Passive Mode (|||51206|)
150 Opening data channel for directory listing of "/B2BExport/*.xml"
226 Successfully transferred "/B2BExport/*.xml"
Enter an FTP subcommand.
> MDELETE *.xml
229 Entering Extended Passive Mode (|||50175|)
150 Opening data channel for directory listing of "/B2BExport/*.xml"
226 Successfully transferred "/B2BExport/*.xml"
Enter an FTP subcommand.
> CLOSE
221 Goodbye
Enter an FTP subcommand.
> QUIT
