Output redirected to a file.
Input read from specified override file.
Cannot find host SERVERNOTFOUND.
Enter an FTP subcommand.
> CLOSE
You must first open a connection.
Enter an FTP subcommand.
> CLOSE
You must first open a connection.
Enter an FTP subcommand.
> NAMEFMT 1
Client NAMEFMT is 1.
Enter an FTP subcommand.
> LCD  '/WEBSERVICES/URCACK/PROD/ACK/EHR/'
Local working directory is /WEBSERVICES/URCACK/PROD/ACK/EHR
Enter an FTP subcommand.
> OPEN availability.ehrnet.com
Connecting to host availability.ehrnet.com at address 209.97.243.67 using port
 21.
220 Hello, all activity on webdrive.ehrnet.com is logged
Enter an FTP subcommand.
> USER KubePak ********
331 Password required for kubepak
230 Logged on
UNIX emulated by FileZilla
Enter an FTP subcommand.
> CD /Customer/ACK
250 CWD successful. "/Customer/ACK" is current directory.
Enter an FTP subcommand.
> MGET *.xml
229 Entering Extended Passive Mode (|||56695|)
150 Opening data channel for directory listing of "/Customer/ACK/*.xml"
226 Successfully transferred "/Customer/ACK/*.xml"
Enter an FTP subcommand.
> MDELETE *.xml
229 Entering Extended Passive Mode (|||65400|)
150 Opening data channel for directory listing of "/Customer/ACK/*.xml"
226 Successfully transferred "/Customer/ACK/*.xml"
Enter an FTP subcommand.
> CLOSE
221 Goodbye
Enter an FTP subcommand.
> QUIT
